2018/06/22 11:51:26 [error] [exception.CException] exception 'CException' with message 'Alias "ext.slider.slider" is invalid. Make sure it points to an existing PHP file and the file is readable.' in C:\yii-1.1.18\framework\YiiBase.php:323
Stack trace:
#0 C:\yii-1.1.18\framework\web\CWidgetFactory.php(146): YiiBase::import('ext.slider.slid...', true)
#1 C:\yii-1.1.18\framework\web\CBaseController.php(146): CWidgetFactory->createWidget(Object(SiteController), 'ext.slider.slid...', Array)
#2 C:\yii-1.1.18\framework\web\CBaseController.php(181): CBaseController->createWidget('ext.slider.slid...', Array)
#3 C:\xampp\htdocs\Project-W\SubThok\backend\ShoppingWebStore\themes\abound\views\site\index.php(17): CBaseController->widget('ext.slider.slid...', Array)
#4 C:\yii-1.1.18\framework\web\CBaseController.php(126): require('C:\\xampp\\htdocs...')
#5 C:\yii-1.1.18\framework\web\CBaseController.php(95): CBaseController->renderInternal('C:\\xampp\\htdocs...', NULL, true)
#6 C:\yii-1.1.18\framework\web\CController.php(872): CBaseController->renderFile('C:\\xampp\\htdocs...', NULL, true)
#7 C:\yii-1.1.18\framework\web\CController.php(785): CController->renderPartial('index', NULL, true)
#8 C:\xampp\htdocs\Project-W\SubThok\backend\ShoppingWebStore\protected\controllers\SiteController.php(32): CController->render('index')
#9 C:\yii-1.1.18\framework\web\actions\CInlineAction.php(49): SiteController->actionIndex()
#10 C:\yii-1.1.18\framework\web\CController.php(308): CInlineAction->runWithParams(Array)
#11 C:\yii-1.1.18\framework\web\CController.php(286): CController->runAction(Object(CInlineAction))
#12 C:\yii-1.1.18\framework\web\CController.php(265): CController->runActionWithFilters(Object(CInlineAction), Array)
#13 C:\yii-1.1.18\framework\web\CWebApplication.php(282): CController->run('')
#14 C:\yii-1.1.18\framework\web\CWebApplication.php(141): CWebApplication->runController('')
#15 C:\yii-1.1.18\framework\base\CApplication.php(185): CWebApplication->processRequest()
#16 C:\xampp\htdocs\Project-W\SubThok\backend\ShoppingWebStore\index.php(13): CApplication->run()
#17 {main}
REQUEST_URI=/Project-W/SubThok/backend/ShoppingWebStore/
---
2018/06/22 11:51:44 [error] [exception.CException] exception 'CException' with message 'Alias "ext.slider.slider" is invalid. Make sure it points to an existing PHP file and the file is readable.' in C:\yii-1.1.18\framework\YiiBase.php:323
Stack trace:
#0 C:\yii-1.1.18\framework\web\CWidgetFactory.php(146): YiiBase::import('ext.slider.slid...', true)
#1 C:\yii-1.1.18\framework\web\CBaseController.php(146): CWidgetFactory->createWidget(Object(SiteController), 'ext.slider.slid...', Array)
#2 C:\yii-1.1.18\framework\web\CBaseController.php(181): CBaseController->createWidget('ext.slider.slid...', Array)
#3 C:\xampp\htdocs\Project-W\SubThok\backend\ShoppingWebStore\themes\abound\views\site\index.php(17): CBaseController->widget('ext.slider.slid...', Array)
#4 C:\yii-1.1.18\framework\web\CBaseController.php(126): require('C:\\xampp\\htdocs...')
#5 C:\yii-1.1.18\framework\web\CBaseController.php(95): CBaseController->renderInternal('C:\\xampp\\htdocs...', NULL, true)
#6 C:\yii-1.1.18\framework\web\CController.php(872): CBaseController->renderFile('C:\\xampp\\htdocs...', NULL, true)
#7 C:\yii-1.1.18\framework\web\CController.php(785): CController->renderPartial('index', NULL, true)
#8 C:\xampp\htdocs\Project-W\SubThok\backend\ShoppingWebStore\protected\controllers\SiteController.php(32): CController->render('index')
#9 C:\yii-1.1.18\framework\web\actions\CInlineAction.php(49): SiteController->actionIndex()
#10 C:\yii-1.1.18\framework\web\CController.php(308): CInlineAction->runWithParams(Array)
#11 C:\yii-1.1.18\framework\web\CController.php(286): CController->runAction(Object(CInlineAction))
#12 C:\yii-1.1.18\framework\web\CController.php(265): CController->runActionWithFilters(Object(CInlineAction), Array)
#13 C:\yii-1.1.18\framework\web\CWebApplication.php(282): CController->run('')
#14 C:\yii-1.1.18\framework\web\CWebApplication.php(141): CWebApplication->runController('')
#15 C:\yii-1.1.18\framework\base\CApplication.php(185): CWebApplication->processRequest()
#16 C:\xampp\htdocs\Project-W\SubThok\backend\ShoppingWebStore\index.php(13): CApplication->run()
#17 {main}
REQUEST_URI=/Project-W/SubThok/backend/ShoppingWebStore/
---
2018/06/22 11:52:12 [error] [exception.CException] exception 'CException' with message 'Alias "ext.slider.slider" is invalid. Make sure it points to an existing PHP file and the file is readable.' in C:\yii-1.1.18\framework\YiiBase.php:323
Stack trace:
#0 C:\yii-1.1.18\framework\web\CWidgetFactory.php(146): YiiBase::import('ext.slider.slid...', true)
#1 C:\yii-1.1.18\framework\web\CBaseController.php(146): CWidgetFactory->createWidget(Object(SiteController), 'ext.slider.slid...', Array)
#2 C:\yii-1.1.18\framework\web\CBaseController.php(181): CBaseController->createWidget('ext.slider.slid...', Array)
#3 C:\xampp\htdocs\Project-W\SubThok\backend\ShoppingWebStore\themes\abound\views\site\index.php(17): CBaseController->widget('ext.slider.slid...', Array)
#4 C:\yii-1.1.18\framework\web\CBaseController.php(126): require('C:\\xampp\\htdocs...')
#5 C:\yii-1.1.18\framework\web\CBaseController.php(95): CBaseController->renderInternal('C:\\xampp\\htdocs...', NULL, true)
#6 C:\yii-1.1.18\framework\web\CController.php(872): CBaseController->renderFile('C:\\xampp\\htdocs...', NULL, true)
#7 C:\yii-1.1.18\framework\web\CController.php(785): CController->renderPartial('index', NULL, true)
#8 C:\xampp\htdocs\Project-W\SubThok\backend\ShoppingWebStore\protected\controllers\SiteController.php(32): CController->render('index')
#9 C:\yii-1.1.18\framework\web\actions\CInlineAction.php(49): SiteController->actionIndex()
#10 C:\yii-1.1.18\framework\web\CController.php(308): CInlineAction->runWithParams(Array)
#11 C:\yii-1.1.18\framework\web\CController.php(286): CController->runAction(Object(CInlineAction))
#12 C:\yii-1.1.18\framework\web\CController.php(265): CController->runActionWithFilters(Object(CInlineAction), Array)
#13 C:\yii-1.1.18\framework\web\CWebApplication.php(282): CController->run('')
#14 C:\yii-1.1.18\framework\web\CWebApplication.php(141): CWebApplication->runController('')
#15 C:\yii-1.1.18\framework\base\CApplication.php(185): CWebApplication->processRequest()
#16 C:\xampp\htdocs\Project-W\SubThok\backend\ShoppingWebStore\index.php(13): CApplication->run()
#17 {main}
REQUEST_URI=/Project-W/SubThok/backend/ShoppingWebStore/
---
2018/06/22 11:52:13 [error] [exception.CException] exception 'CException' with message 'Alias "ext.slider.slider" is invalid. Make sure it points to an existing PHP file and the file is readable.' in C:\yii-1.1.18\framework\YiiBase.php:323
Stack trace:
#0 C:\yii-1.1.18\framework\web\CWidgetFactory.php(146): YiiBase::import('ext.slider.slid...', true)
#1 C:\yii-1.1.18\framework\web\CBaseController.php(146): CWidgetFactory->createWidget(Object(SiteController), 'ext.slider.slid...', Array)
#2 C:\yii-1.1.18\framework\web\CBaseController.php(181): CBaseController->createWidget('ext.slider.slid...', Array)
#3 C:\xampp\htdocs\Project-W\SubThok\backend\ShoppingWebStore\themes\abound\views\site\index.php(17): CBaseController->widget('ext.slider.slid...', Array)
#4 C:\yii-1.1.18\framework\web\CBaseController.php(126): require('C:\\xampp\\htdocs...')
#5 C:\yii-1.1.18\framework\web\CBaseController.php(95): CBaseController->renderInternal('C:\\xampp\\htdocs...', NULL, true)
#6 C:\yii-1.1.18\framework\web\CController.php(872): CBaseController->renderFile('C:\\xampp\\htdocs...', NULL, true)
#7 C:\yii-1.1.18\framework\web\CController.php(785): CController->renderPartial('index', NULL, true)
#8 C:\xampp\htdocs\Project-W\SubThok\backend\ShoppingWebStore\protected\controllers\SiteController.php(32): CController->render('index')
#9 C:\yii-1.1.18\framework\web\actions\CInlineAction.php(49): SiteController->actionIndex()
#10 C:\yii-1.1.18\framework\web\CController.php(308): CInlineAction->runWithParams(Array)
#11 C:\yii-1.1.18\framework\web\CController.php(286): CController->runAction(Object(CInlineAction))
#12 C:\yii-1.1.18\framework\web\CController.php(265): CController->runActionWithFilters(Object(CInlineAction), Array)
#13 C:\yii-1.1.18\framework\web\CWebApplication.php(282): CController->run('')
#14 C:\yii-1.1.18\framework\web\CWebApplication.php(141): CWebApplication->runController('')
#15 C:\yii-1.1.18\framework\base\CApplication.php(185): CWebApplication->processRequest()
#16 C:\xampp\htdocs\Project-W\SubThok\backend\ShoppingWebStore\index.php(13): CApplication->run()
#17 {main}
REQUEST_URI=/Project-W/SubThok/backend/ShoppingWebStore/
---
2018/06/22 11:52:13 [error] [exception.CException] exception 'CException' with message 'Alias "ext.slider.slider" is invalid. Make sure it points to an existing PHP file and the file is readable.' in C:\yii-1.1.18\framework\YiiBase.php:323
Stack trace:
#0 C:\yii-1.1.18\framework\web\CWidgetFactory.php(146): YiiBase::import('ext.slider.slid...', true)
#1 C:\yii-1.1.18\framework\web\CBaseController.php(146): CWidgetFactory->createWidget(Object(SiteController), 'ext.slider.slid...', Array)
#2 C:\yii-1.1.18\framework\web\CBaseController.php(181): CBaseController->createWidget('ext.slider.slid...', Array)
#3 C:\xampp\htdocs\Project-W\SubThok\backend\ShoppingWebStore\themes\abound\views\site\index.php(17): CBaseController->widget('ext.slider.slid...', Array)
#4 C:\yii-1.1.18\framework\web\CBaseController.php(126): require('C:\\xampp\\htdocs...')
#5 C:\yii-1.1.18\framework\web\CBaseController.php(95): CBaseController->renderInternal('C:\\xampp\\htdocs...', NULL, true)
#6 C:\yii-1.1.18\framework\web\CController.php(872): CBaseController->renderFile('C:\\xampp\\htdocs...', NULL, true)
#7 C:\yii-1.1.18\framework\web\CController.php(785): CController->renderPartial('index', NULL, true)
#8 C:\xampp\htdocs\Project-W\SubThok\backend\ShoppingWebStore\protected\controllers\SiteController.php(32): CController->render('index')
#9 C:\yii-1.1.18\framework\web\actions\CInlineAction.php(49): SiteController->actionIndex()
#10 C:\yii-1.1.18\framework\web\CController.php(308): CInlineAction->runWithParams(Array)
#11 C:\yii-1.1.18\framework\web\CController.php(286): CController->runAction(Object(CInlineAction))
#12 C:\yii-1.1.18\framework\web\CController.php(265): CController->runActionWithFilters(Object(CInlineAction), Array)
#13 C:\yii-1.1.18\framework\web\CWebApplication.php(282): CController->run('')
#14 C:\yii-1.1.18\framework\web\CWebApplication.php(141): CWebApplication->runController('')
#15 C:\yii-1.1.18\framework\base\CApplication.php(185): CWebApplication->processRequest()
#16 C:\xampp\htdocs\Project-W\SubThok\backend\ShoppingWebStore\index.php(13): CApplication->run()
#17 {main}
REQUEST_URI=/Project-W/SubThok/backend/ShoppingWebStore/
---
2018/06/22 11:52:13 [error] [exception.CException] exception 'CException' with message 'Alias "ext.slider.slider" is invalid. Make sure it points to an existing PHP file and the file is readable.' in C:\yii-1.1.18\framework\YiiBase.php:323
Stack trace:
#0 C:\yii-1.1.18\framework\web\CWidgetFactory.php(146): YiiBase::import('ext.slider.slid...', true)
#1 C:\yii-1.1.18\framework\web\CBaseController.php(146): CWidgetFactory->createWidget(Object(SiteController), 'ext.slider.slid...', Array)
#2 C:\yii-1.1.18\framework\web\CBaseController.php(181): CBaseController->createWidget('ext.slider.slid...', Array)
#3 C:\xampp\htdocs\Project-W\SubThok\backend\ShoppingWebStore\themes\abound\views\site\index.php(17): CBaseController->widget('ext.slider.slid...', Array)
#4 C:\yii-1.1.18\framework\web\CBaseController.php(126): require('C:\\xampp\\htdocs...')
#5 C:\yii-1.1.18\framework\web\CBaseController.php(95): CBaseController->renderInternal('C:\\xampp\\htdocs...', NULL, true)
#6 C:\yii-1.1.18\framework\web\CController.php(872): CBaseController->renderFile('C:\\xampp\\htdocs...', NULL, true)
#7 C:\yii-1.1.18\framework\web\CController.php(785): CController->renderPartial('index', NULL, true)
#8 C:\xampp\htdocs\Project-W\SubThok\backend\ShoppingWebStore\protected\controllers\SiteController.php(32): CController->render('index')
#9 C:\yii-1.1.18\framework\web\actions\CInlineAction.php(49): SiteController->actionIndex()
#10 C:\yii-1.1.18\framework\web\CController.php(308): CInlineAction->runWithParams(Array)
#11 C:\yii-1.1.18\framework\web\CController.php(286): CController->runAction(Object(CInlineAction))
#12 C:\yii-1.1.18\framework\web\CController.php(265): CController->runActionWithFilters(Object(CInlineAction), Array)
#13 C:\yii-1.1.18\framework\web\CWebApplication.php(282): CController->run('')
#14 C:\yii-1.1.18\framework\web\CWebApplication.php(141): CWebApplication->runController('')
#15 C:\yii-1.1.18\framework\base\CApplication.php(185): CWebApplication->processRequest()
#16 C:\xampp\htdocs\Project-W\SubThok\backend\ShoppingWebStore\index.php(13): CApplication->run()
#17 {main}
REQUEST_URI=/Project-W/SubThok/backend/ShoppingWebStore/
---
2018/06/22 11:52:14 [error] [exception.CException] exception 'CException' with message 'Alias "ext.slider.slider" is invalid. Make sure it points to an existing PHP file and the file is readable.' in C:\yii-1.1.18\framework\YiiBase.php:323
Stack trace:
#0 C:\yii-1.1.18\framework\web\CWidgetFactory.php(146): YiiBase::import('ext.slider.slid...', true)
#1 C:\yii-1.1.18\framework\web\CBaseController.php(146): CWidgetFactory->createWidget(Object(SiteController), 'ext.slider.slid...', Array)
#2 C:\yii-1.1.18\framework\web\CBaseController.php(181): CBaseController->createWidget('ext.slider.slid...', Array)
#3 C:\xampp\htdocs\Project-W\SubThok\backend\ShoppingWebStore\themes\abound\views\site\index.php(17): CBaseController->widget('ext.slider.slid...', Array)
#4 C:\yii-1.1.18\framework\web\CBaseController.php(126): require('C:\\xampp\\htdocs...')
#5 C:\yii-1.1.18\framework\web\CBaseController.php(95): CBaseController->renderInternal('C:\\xampp\\htdocs...', NULL, true)
#6 C:\yii-1.1.18\framework\web\CController.php(872): CBaseController->renderFile('C:\\xampp\\htdocs...', NULL, true)
#7 C:\yii-1.1.18\framework\web\CController.php(785): CController->renderPartial('index', NULL, true)
#8 C:\xampp\htdocs\Project-W\SubThok\backend\ShoppingWebStore\protected\controllers\SiteController.php(32): CController->render('index')
#9 C:\yii-1.1.18\framework\web\actions\CInlineAction.php(49): SiteController->actionIndex()
#10 C:\yii-1.1.18\framework\web\CController.php(308): CInlineAction->runWithParams(Array)
#11 C:\yii-1.1.18\framework\web\CController.php(286): CController->runAction(Object(CInlineAction))
#12 C:\yii-1.1.18\framework\web\CController.php(265): CController->runActionWithFilters(Object(CInlineAction), Array)
#13 C:\yii-1.1.18\framework\web\CWebApplication.php(282): CController->run('')
#14 C:\yii-1.1.18\framework\web\CWebApplication.php(141): CWebApplication->runController('')
#15 C:\yii-1.1.18\framework\base\CApplication.php(185): CWebApplication->processRequest()
#16 C:\xampp\htdocs\Project-W\SubThok\backend\ShoppingWebStore\index.php(13): CApplication->run()
#17 {main}
REQUEST_URI=/Project-W/SubThok/backend/ShoppingWebStore/
---
2018/06/22 11:52:14 [error] [exception.CException] exception 'CException' with message 'Alias "ext.slider.slider" is invalid. Make sure it points to an existing PHP file and the file is readable.' in C:\yii-1.1.18\framework\YiiBase.php:323
Stack trace:
#0 C:\yii-1.1.18\framework\web\CWidgetFactory.php(146): YiiBase::import('ext.slider.slid...', true)
#1 C:\yii-1.1.18\framework\web\CBaseController.php(146): CWidgetFactory->createWidget(Object(SiteController), 'ext.slider.slid...', Array)
#2 C:\yii-1.1.18\framework\web\CBaseController.php(181): CBaseController->createWidget('ext.slider.slid...', Array)
#3 C:\xampp\htdocs\Project-W\SubThok\backend\ShoppingWebStore\themes\abound\views\site\index.php(17): CBaseController->widget('ext.slider.slid...', Array)
#4 C:\yii-1.1.18\framework\web\CBaseController.php(126): require('C:\\xampp\\htdocs...')
#5 C:\yii-1.1.18\framework\web\CBaseController.php(95): CBaseController->renderInternal('C:\\xampp\\htdocs...', NULL, true)
#6 C:\yii-1.1.18\framework\web\CController.php(872): CBaseController->renderFile('C:\\xampp\\htdocs...', NULL, true)
#7 C:\yii-1.1.18\framework\web\CController.php(785): CController->renderPartial('index', NULL, true)
#8 C:\xampp\htdocs\Project-W\SubThok\backend\ShoppingWebStore\protected\controllers\SiteController.php(32): CController->render('index')
#9 C:\yii-1.1.18\framework\web\actions\CInlineAction.php(49): SiteController->actionIndex()
#10 C:\yii-1.1.18\framework\web\CController.php(308): CInlineAction->runWithParams(Array)
#11 C:\yii-1.1.18\framework\web\CController.php(286): CController->runAction(Object(CInlineAction))
#12 C:\yii-1.1.18\framework\web\CController.php(265): CController->runActionWithFilters(Object(CInlineAction), Array)
#13 C:\yii-1.1.18\framework\web\CWebApplication.php(282): CController->run('')
#14 C:\yii-1.1.18\framework\web\CWebApplication.php(141): CWebApplication->runController('')
#15 C:\yii-1.1.18\framework\base\CApplication.php(185): CWebApplication->processRequest()
#16 C:\xampp\htdocs\Project-W\SubThok\backend\ShoppingWebStore\index.php(13): CApplication->run()
#17 {main}
REQUEST_URI=/Project-W/SubThok/backend/ShoppingWebStore/
---
2018/06/22 11:52:14 [error] [exception.CException] exception 'CException' with message 'Alias "ext.slider.slider" is invalid. Make sure it points to an existing PHP file and the file is readable.' in C:\yii-1.1.18\framework\YiiBase.php:323
Stack trace:
#0 C:\yii-1.1.18\framework\web\CWidgetFactory.php(146): YiiBase::import('ext.slider.slid...', true)
#1 C:\yii-1.1.18\framework\web\CBaseController.php(146): CWidgetFactory->createWidget(Object(SiteController), 'ext.slider.slid...', Array)
#2 C:\yii-1.1.18\framework\web\CBaseController.php(181): CBaseController->createWidget('ext.slider.slid...', Array)
#3 C:\xampp\htdocs\Project-W\SubThok\backend\ShoppingWebStore\themes\abound\views\site\index.php(17): CBaseController->widget('ext.slider.slid...', Array)
#4 C:\yii-1.1.18\framework\web\CBaseController.php(126): require('C:\\xampp\\htdocs...')
#5 C:\yii-1.1.18\framework\web\CBaseController.php(95): CBaseController->renderInternal('C:\\xampp\\htdocs...', NULL, true)
#6 C:\yii-1.1.18\framework\web\CController.php(872): CBaseController->renderFile('C:\\xampp\\htdocs...', NULL, true)
#7 C:\yii-1.1.18\framework\web\CController.php(785): CController->renderPartial('index', NULL, true)
#8 C:\xampp\htdocs\Project-W\SubThok\backend\ShoppingWebStore\protected\controllers\SiteController.php(32): CController->render('index')
#9 C:\yii-1.1.18\framework\web\actions\CInlineAction.php(49): SiteController->actionIndex()
#10 C:\yii-1.1.18\framework\web\CController.php(308): CInlineAction->runWithParams(Array)
#11 C:\yii-1.1.18\framework\web\CController.php(286): CController->runAction(Object(CInlineAction))
#12 C:\yii-1.1.18\framework\web\CController.php(265): CController->runActionWithFilters(Object(CInlineAction), Array)
#13 C:\yii-1.1.18\framework\web\CWebApplication.php(282): CController->run('')
#14 C:\yii-1.1.18\framework\web\CWebApplication.php(141): CWebApplication->runController('')
#15 C:\yii-1.1.18\framework\base\CApplication.php(185): CWebApplication->processRequest()
#16 C:\xampp\htdocs\Project-W\SubThok\backend\ShoppingWebStore\index.php(13): CApplication->run()
#17 {main}
REQUEST_URI=/Project-W/SubThok/backend/ShoppingWebStore/
---
2018/06/22 11:52:14 [error] [exception.CException] exception 'CException' with message 'Alias "ext.slider.slider" is invalid. Make sure it points to an existing PHP file and the file is readable.' in C:\yii-1.1.18\framework\YiiBase.php:323
Stack trace:
#0 C:\yii-1.1.18\framework\web\CWidgetFactory.php(146): YiiBase::import('ext.slider.slid...', true)
#1 C:\yii-1.1.18\framework\web\CBaseController.php(146): CWidgetFactory->createWidget(Object(SiteController), 'ext.slider.slid...', Array)
#2 C:\yii-1.1.18\framework\web\CBaseController.php(181): CBaseController->createWidget('ext.slider.slid...', Array)
#3 C:\xampp\htdocs\Project-W\SubThok\backend\ShoppingWebStore\themes\abound\views\site\index.php(17): CBaseController->widget('ext.slider.slid...', Array)
#4 C:\yii-1.1.18\framework\web\CBaseController.php(126): require('C:\\xampp\\htdocs...')
#5 C:\yii-1.1.18\framework\web\CBaseController.php(95): CBaseController->renderInternal('C:\\xampp\\htdocs...', NULL, true)
#6 C:\yii-1.1.18\framework\web\CController.php(872): CBaseController->renderFile('C:\\xampp\\htdocs...', NULL, true)
#7 C:\yii-1.1.18\framework\web\CController.php(785): CController->renderPartial('index', NULL, true)
#8 C:\xampp\htdocs\Project-W\SubThok\backend\ShoppingWebStore\protected\controllers\SiteController.php(32): CController->render('index')
#9 C:\yii-1.1.18\framework\web\actions\CInlineAction.php(49): SiteController->actionIndex()
#10 C:\yii-1.1.18\framework\web\CController.php(308): CInlineAction->runWithParams(Array)
#11 C:\yii-1.1.18\framework\web\CController.php(286): CController->runAction(Object(CInlineAction))
#12 C:\yii-1.1.18\framework\web\CController.php(265): CController->runActionWithFilters(Object(CInlineAction), Array)
#13 C:\yii-1.1.18\framework\web\CWebApplication.php(282): CController->run('')
#14 C:\yii-1.1.18\framework\web\CWebApplication.php(141): CWebApplication->runController('')
#15 C:\yii-1.1.18\framework\base\CApplication.php(185): CWebApplication->processRequest()
#16 C:\xampp\htdocs\Project-W\SubThok\backend\ShoppingWebStore\index.php(13): CApplication->run()
#17 {main}
REQUEST_URI=/Project-W/SubThok/backend/ShoppingWebStore/
---
2018/06/22 11:52:14 [error] [exception.CException] exception 'CException' with message 'Alias "ext.slider.slider" is invalid. Make sure it points to an existing PHP file and the file is readable.' in C:\yii-1.1.18\framework\YiiBase.php:323
Stack trace:
#0 C:\yii-1.1.18\framework\web\CWidgetFactory.php(146): YiiBase::import('ext.slider.slid...', true)
#1 C:\yii-1.1.18\framework\web\CBaseController.php(146): CWidgetFactory->createWidget(Object(SiteController), 'ext.slider.slid...', Array)
#2 C:\yii-1.1.18\framework\web\CBaseController.php(181): CBaseController->createWidget('ext.slider.slid...', Array)
#3 C:\xampp\htdocs\Project-W\SubThok\backend\ShoppingWebStore\themes\abound\views\site\index.php(17): CBaseController->widget('ext.slider.slid...', Array)
#4 C:\yii-1.1.18\framework\web\CBaseController.php(126): require('C:\\xampp\\htdocs...')
#5 C:\yii-1.1.18\framework\web\CBaseController.php(95): CBaseController->renderInternal('C:\\xampp\\htdocs...', NULL, true)
#6 C:\yii-1.1.18\framework\web\CController.php(872): CBaseController->renderFile('C:\\xampp\\htdocs...', NULL, true)
#7 C:\yii-1.1.18\framework\web\CController.php(785): CController->renderPartial('index', NULL, true)
#8 C:\xampp\htdocs\Project-W\SubThok\backend\ShoppingWebStore\protected\controllers\SiteController.php(32): CController->render('index')
#9 C:\yii-1.1.18\framework\web\actions\CInlineAction.php(49): SiteController->actionIndex()
#10 C:\yii-1.1.18\framework\web\CController.php(308): CInlineAction->runWithParams(Array)
#11 C:\yii-1.1.18\framework\web\CController.php(286): CController->runAction(Object(CInlineAction))
#12 C:\yii-1.1.18\framework\web\CController.php(265): CController->runActionWithFilters(Object(CInlineAction), Array)
#13 C:\yii-1.1.18\framework\web\CWebApplication.php(282): CController->run('')
#14 C:\yii-1.1.18\framework\web\CWebApplication.php(141): CWebApplication->runController('')
#15 C:\yii-1.1.18\framework\base\CApplication.php(185): CWebApplication->processRequest()
#16 C:\xampp\htdocs\Project-W\SubThok\backend\ShoppingWebStore\index.php(13): CApplication->run()
#17 {main}
REQUEST_URI=/Project-W/SubThok/backend/ShoppingWebStore/
---
2018/06/22 11:54:20 [error] [exception.CException] exception 'CException' with message 'Alias "application.extensions.FlashMessage" is invalid. Make sure it points to an existing PHP file and the file is readable.' in C:\yii-1.1.18\framework\YiiBase.php:323
Stack trace:
#0 C:\yii-1.1.18\framework\web\CWidgetFactory.php(146): YiiBase::import('application.ext...', true)
#1 C:\yii-1.1.18\framework\web\CBaseController.php(146): CWidgetFactory->createWidget(Object(SiteController), 'application.ext...', Array)
#2 C:\yii-1.1.18\framework\web\CBaseController.php(181): CBaseController->createWidget('application.ext...', Array)
#3 C:\xampp\htdocs\Project-W\SubThok\backend\ShoppingWebStore\themes\fluid\views\layouts\column1.php(13): CBaseController->widget('application.ext...')
#4 C:\yii-1.1.18\framework\web\CBaseController.php(126): require('C:\\xampp\\htdocs...')
#5 C:\yii-1.1.18\framework\web\CBaseController.php(95): CBaseController->renderInternal('C:\\xampp\\htdocs...', Array, true)
#6 C:\yii-1.1.18\framework\web\CController.php(787): CBaseController->renderFile('C:\\xampp\\htdocs...', Array, true)
#7 C:\xampp\htdocs\Project-W\SubThok\backend\ShoppingWebStore\protected\controllers\SiteController.php(32): CController->render('index')
#8 C:\yii-1.1.18\framework\web\actions\CInlineAction.php(49): SiteController->actionIndex()
#9 C:\yii-1.1.18\framework\web\CController.php(308): CInlineAction->runWithParams(Array)
#10 C:\yii-1.1.18\framework\web\CController.php(286): CController->runAction(Object(CInlineAction))
#11 C:\yii-1.1.18\framework\web\CController.php(265): CController->runActionWithFilters(Object(CInlineAction), Array)
#12 C:\yii-1.1.18\framework\web\CWebApplication.php(282): CController->run('')
#13 C:\yii-1.1.18\framework\web\CWebApplication.php(141): CWebApplication->runController('')
#14 C:\yii-1.1.18\framework\base\CApplication.php(185): CWebApplication->processRequest()
#15 C:\xampp\htdocs\Project-W\SubThok\backend\ShoppingWebStore\index.php(13): CApplication->run()
#16 {main}
REQUEST_URI=/Project-W/SubThok/backend/ShoppingWebStore/
---
2018/06/22 11:55:27 [error] [exception.CException] exception 'CException' with message 'Alias "ext.slider.slider" is invalid. Make sure it points to an existing PHP file and the file is readable.' in C:\yii-1.1.18\framework\YiiBase.php:323
Stack trace:
#0 C:\yii-1.1.18\framework\web\CWidgetFactory.php(146): YiiBase::import('ext.slider.slid...', true)
#1 C:\yii-1.1.18\framework\web\CBaseController.php(146): CWidgetFactory->createWidget(Object(SiteController), 'ext.slider.slid...', Array)
#2 C:\yii-1.1.18\framework\web\CBaseController.php(181): CBaseController->createWidget('ext.slider.slid...', Array)
#3 C:\xampp\htdocs\Project-W\SubThok\backend\ShoppingWebStore\themes\abound\views\site\index.php(17): CBaseController->widget('ext.slider.slid...', Array)
#4 C:\yii-1.1.18\framework\web\CBaseController.php(126): require('C:\\xampp\\htdocs...')
#5 C:\yii-1.1.18\framework\web\CBaseController.php(95): CBaseController->renderInternal('C:\\xampp\\htdocs...', NULL, true)
#6 C:\yii-1.1.18\framework\web\CController.php(872): CBaseController->renderFile('C:\\xampp\\htdocs...', NULL, true)
#7 C:\yii-1.1.18\framework\web\CController.php(785): CController->renderPartial('index', NULL, true)
#8 C:\xampp\htdocs\Project-W\SubThok\backend\ShoppingWebStore\protected\controllers\SiteController.php(32): CController->render('index')
#9 C:\yii-1.1.18\framework\web\actions\CInlineAction.php(49): SiteController->actionIndex()
#10 C:\yii-1.1.18\framework\web\CController.php(308): CInlineAction->runWithParams(Array)
#11 C:\yii-1.1.18\framework\web\CController.php(286): CController->runAction(Object(CInlineAction))
#12 C:\yii-1.1.18\framework\web\CController.php(265): CController->runActionWithFilters(Object(CInlineAction), Array)
#13 C:\yii-1.1.18\framework\web\CWebApplication.php(282): CController->run('')
#14 C:\yii-1.1.18\framework\web\CWebApplication.php(141): CWebApplication->runController('')
#15 C:\yii-1.1.18\framework\base\CApplication.php(185): CWebApplication->processRequest()
#16 C:\xampp\htdocs\Project-W\SubThok\backend\ShoppingWebStore\index.php(13): CApplication->run()
#17 {main}
REQUEST_URI=/Project-W/SubThok/backend/ShoppingWebStore/
---
2018/06/22 12:41:11 [error] [exception.CHttpException.404] exception 'CHttpException' with message 'Unable to resolve the request "customer/index".' in C:\yii-1.1.18\framework\web\CWebApplication.php:286
Stack trace:
#0 C:\yii-1.1.18\framework\web\CWebApplication.php(141): CWebApplication->runController('customer/index')
#1 C:\yii-1.1.18\framework\base\CApplication.php(185): CWebApplication->processRequest()
#2 C:\xampp\htdocs\Project-W\SubThok\backend\ShoppingWebStore\index.php(13): CApplication->run()
#3 {main}
REQUEST_URI=/Project-W/SubThok/backend/ShoppingWebStore/index.php?r=customer/index
HTTP_REFERER=http://localhost/Project-W/SubThok/backend/ShoppingWebStore/index.php?r=site/index
---
2018/06/22 12:43:11 [error] [exception.CException] exception 'CException' with message 'Alias "ext.slider.slider" is invalid. Make sure it points to an existing PHP file and the file is readable.' in C:\yii-1.1.18\framework\YiiBase.php:323
Stack trace:
#0 C:\yii-1.1.18\framework\web\CWidgetFactory.php(146): YiiBase::import('ext.slider.slid...', true)
#1 C:\yii-1.1.18\framework\web\CBaseController.php(146): CWidgetFactory->createWidget(Object(SiteController), 'ext.slider.slid...', Array)
#2 C:\yii-1.1.18\framework\web\CBaseController.php(181): CBaseController->createWidget('ext.slider.slid...', Array)
#3 C:\xampp\htdocs\Project-W\SubThok\backend\ShoppingWebStore\themes\abound\views\site\index.php(19): CBaseController->widget('ext.slider.slid...', Array)
#4 C:\yii-1.1.18\framework\web\CBaseController.php(126): require('C:\\xampp\\htdocs...')
#5 C:\yii-1.1.18\framework\web\CBaseController.php(95): CBaseController->renderInternal('C:\\xampp\\htdocs...', NULL, true)
#6 C:\yii-1.1.18\framework\web\CController.php(872): CBaseController->renderFile('C:\\xampp\\htdocs...', NULL, true)
#7 C:\yii-1.1.18\framework\web\CController.php(785): CController->renderPartial('index', NULL, true)
#8 C:\xampp\htdocs\Project-W\SubThok\backend\ShoppingWebStore\protected\controllers\SiteController.php(32): CController->render('index')
#9 C:\yii-1.1.18\framework\web\actions\CInlineAction.php(49): SiteController->actionIndex()
#10 C:\yii-1.1.18\framework\web\CController.php(308): CInlineAction->runWithParams(Array)
#11 C:\yii-1.1.18\framework\web\CController.php(286): CController->runAction(Object(CInlineAction))
#12 C:\yii-1.1.18\framework\web\CController.php(265): CController->runActionWithFilters(Object(CInlineAction), Array)
#13 C:\yii-1.1.18\framework\web\CWebApplication.php(282): CController->run('index')
#14 C:\yii-1.1.18\framework\web\CWebApplication.php(141): CWebApplication->runController('site/index')
#15 C:\yii-1.1.18\framework\base\CApplication.php(185): CWebApplication->processRequest()
#16 C:\xampp\htdocs\Project-W\SubThok\backend\ShoppingWebStore\index.php(13): CApplication->run()
#17 {main}
REQUEST_URI=/Project-W/SubThok/backend/ShoppingWebStore/index.php?r=site/index
HTTP_REFERER=http://localhost/Project-W/SubThok/backend/ShoppingWebStore/index.php?r=site/page&view=graphs
---
2018/06/22 13:09:23 [error] [exception.CException] exception 'CException' with message 'Property "slider.alts" is not defined.' in C:\yii-1.1.18\framework\base\CComponent.php:173
Stack trace:
#0 C:\yii-1.1.18\framework\web\CWidgetFactory.php(161): CComponent->__set('alts', Array)
#1 C:\yii-1.1.18\framework\web\CBaseController.php(146): CWidgetFactory->createWidget(Object(SiteController), 'ext.slider.slid...', Array)
#2 C:\yii-1.1.18\framework\web\CBaseController.php(181): CBaseController->createWidget('ext.slider.slid...', Array)
#3 C:\xampp\htdocs\Project-W\SubThok\backend\ShoppingWebStore\themes\abound\views\site\index.php(19): CBaseController->widget('ext.slider.slid...', Array)
#4 C:\yii-1.1.18\framework\web\CBaseController.php(126): require('C:\\xampp\\htdocs...')
#5 C:\yii-1.1.18\framework\web\CBaseController.php(95): CBaseController->renderInternal('C:\\xampp\\htdocs...', NULL, true)
#6 C:\yii-1.1.18\framework\web\CController.php(872): CBaseController->renderFile('C:\\xampp\\htdocs...', NULL, true)
#7 C:\yii-1.1.18\framework\web\CController.php(785): CController->renderPartial('index', NULL, true)
#8 C:\xampp\htdocs\Project-W\SubThok\backend\ShoppingWebStore\protected\controllers\SiteController.php(32): CController->render('index')
#9 C:\yii-1.1.18\framework\web\actions\CInlineAction.php(49): SiteController->actionIndex()
#10 C:\yii-1.1.18\framework\web\CController.php(308): CInlineAction->runWithParams(Array)
#11 C:\yii-1.1.18\framework\web\CController.php(286): CController->runAction(Object(CInlineAction))
#12 C:\yii-1.1.18\framework\web\CController.php(265): CController->runActionWithFilters(Object(CInlineAction), Array)
#13 C:\yii-1.1.18\framework\web\CWebApplication.php(282): CController->run('index')
#14 C:\yii-1.1.18\framework\web\CWebApplication.php(141): CWebApplication->runController('site/index')
#15 C:\yii-1.1.18\framework\base\CApplication.php(185): CWebApplication->processRequest()
#16 C:\xampp\htdocs\Project-W\SubThok\backend\ShoppingWebStore\index.php(13): CApplication->run()
#17 {main}
REQUEST_URI=/Project-W/SubThok/backend/ShoppingWebStore/index.php?r=site/index
HTTP_REFERER=http://localhost/Project-W/SubThok/backend/ShoppingWebStore/index.php?r=site/page&view=graphs
---
2018/06/22 13:09:30 [error] [exception.CException] exception 'CException' with message 'Property "slider.alts" is not defined.' in C:\yii-1.1.18\framework\base\CComponent.php:130
Stack trace:
#0 C:\xampp\htdocs\Project-W\SubThok\backend\ShoppingWebStore\protected\extensions\slider\slider.php(204): CComponent->__get('alts')
#1 C:\xampp\htdocs\Project-W\SubThok\backend\ShoppingWebStore\protected\extensions\slider\slider.php(159): slider->setContent()
#2 C:\yii-1.1.18\framework\web\CBaseController.php(147): slider->init()
#3 C:\yii-1.1.18\framework\web\CBaseController.php(181): CBaseController->createWidget('ext.slider.slid...', Array)
#4 C:\xampp\htdocs\Project-W\SubThok\backend\ShoppingWebStore\themes\abound\views\site\index.php(19): CBaseController->widget('ext.slider.slid...', Array)
#5 C:\yii-1.1.18\framework\web\CBaseController.php(126): require('C:\\xampp\\htdocs...')
#6 C:\yii-1.1.18\framework\web\CBaseController.php(95): CBaseController->renderInternal('C:\\xampp\\htdocs...', NULL, true)
#7 C:\yii-1.1.18\framework\web\CController.php(872): CBaseController->renderFile('C:\\xampp\\htdocs...', NULL, true)
#8 C:\yii-1.1.18\framework\web\CController.php(785): CController->renderPartial('index', NULL, true)
#9 C:\xampp\htdocs\Project-W\SubThok\backend\ShoppingWebStore\protected\controllers\SiteController.php(32): CController->render('index')
#10 C:\yii-1.1.18\framework\web\actions\CInlineAction.php(49): SiteController->actionIndex()
#11 C:\yii-1.1.18\framework\web\CController.php(308): CInlineAction->runWithParams(Array)
#12 C:\yii-1.1.18\framework\web\CController.php(286): CController->runAction(Object(CInlineAction))
#13 C:\yii-1.1.18\framework\web\CController.php(265): CController->runActionWithFilters(Object(CInlineAction), Array)
#14 C:\yii-1.1.18\framework\web\CWebApplication.php(282): CController->run('index')
#15 C:\yii-1.1.18\framework\web\CWebApplication.php(141): CWebApplication->runController('site/index')
#16 C:\yii-1.1.18\framework\base\CApplication.php(185): CWebApplication->processRequest()
#17 C:\xampp\htdocs\Project-W\SubThok\backend\ShoppingWebStore\index.php(13): CApplication->run()
#18 {main}
REQUEST_URI=/Project-W/SubThok/backend/ShoppingWebStore/index.php?r=site/index
HTTP_REFERER=http://localhost/Project-W/SubThok/backend/ShoppingWebStore/index.php?r=site/page&view=graphs
---
2018/06/22 13:09:32 [error] [exception.CException] exception 'CException' with message 'Property "slider.alts" is not defined.' in C:\yii-1.1.18\framework\base\CComponent.php:130
Stack trace:
#0 C:\xampp\htdocs\Project-W\SubThok\backend\ShoppingWebStore\protected\extensions\slider\slider.php(204): CComponent->__get('alts')
#1 C:\xampp\htdocs\Project-W\SubThok\backend\ShoppingWebStore\protected\extensions\slider\slider.php(159): slider->setContent()
#2 C:\yii-1.1.18\framework\web\CBaseController.php(147): slider->init()
#3 C:\yii-1.1.18\framework\web\CBaseController.php(181): CBaseController->createWidget('ext.slider.slid...', Array)
#4 C:\xampp\htdocs\Project-W\SubThok\backend\ShoppingWebStore\themes\abound\views\site\index.php(19): CBaseController->widget('ext.slider.slid...', Array)
#5 C:\yii-1.1.18\framework\web\CBaseController.php(126): require('C:\\xampp\\htdocs...')
#6 C:\yii-1.1.18\framework\web\CBaseController.php(95): CBaseController->renderInternal('C:\\xampp\\htdocs...', NULL, true)
#7 C:\yii-1.1.18\framework\web\CController.php(872): CBaseController->renderFile('C:\\xampp\\htdocs...', NULL, true)
#8 C:\yii-1.1.18\framework\web\CController.php(785): CController->renderPartial('index', NULL, true)
#9 C:\xampp\htdocs\Project-W\SubThok\backend\ShoppingWebStore\protected\controllers\SiteController.php(32): CController->render('index')
#10 C:\yii-1.1.18\framework\web\actions\CInlineAction.php(49): SiteController->actionIndex()
#11 C:\yii-1.1.18\framework\web\CController.php(308): CInlineAction->runWithParams(Array)
#12 C:\yii-1.1.18\framework\web\CController.php(286): CController->runAction(Object(CInlineAction))
#13 C:\yii-1.1.18\framework\web\CController.php(265): CController->runActionWithFilters(Object(CInlineAction), Array)
#14 C:\yii-1.1.18\framework\web\CWebApplication.php(282): CController->run('index')
#15 C:\yii-1.1.18\framework\web\CWebApplication.php(141): CWebApplication->runController('site/index')
#16 C:\yii-1.1.18\framework\base\CApplication.php(185): CWebApplication->processRequest()
#17 C:\xampp\htdocs\Project-W\SubThok\backend\ShoppingWebStore\index.php(13): CApplication->run()
#18 {main}
REQUEST_URI=/Project-W/SubThok/backend/ShoppingWebStore/index.php?r=site/index
HTTP_REFERER=http://localhost/Project-W/SubThok/backend/ShoppingWebStore/index.php?r=site/page&view=graphs
---
2018/06/22 13:31:02 [error] [exception.CException] exception 'CException' with message 'Property "slider.responsive" is not defined.' in C:\yii-1.1.18\framework\base\CComponent.php:173
Stack trace:
#0 C:\yii-1.1.18\framework\web\CWidgetFactory.php(161): CComponent->__set('responsive', true)
#1 C:\yii-1.1.18\framework\web\CBaseController.php(146): CWidgetFactory->createWidget(Object(SiteController), 'ext.slider.slid...', Array)
#2 C:\yii-1.1.18\framework\web\CBaseController.php(181): CBaseController->createWidget('ext.slider.slid...', Array)
#3 C:\xampp\htdocs\Project-W\SubThok\backend\ShoppingWebStore\themes\abound\views\site\index.php(20): CBaseController->widget('ext.slider.slid...', Array)
#4 C:\yii-1.1.18\framework\web\CBaseController.php(126): require('C:\\xampp\\htdocs...')
#5 C:\yii-1.1.18\framework\web\CBaseController.php(95): CBaseController->renderInternal('C:\\xampp\\htdocs...', NULL, true)
#6 C:\yii-1.1.18\framework\web\CController.php(872): CBaseController->renderFile('C:\\xampp\\htdocs...', NULL, true)
#7 C:\yii-1.1.18\framework\web\CController.php(785): CController->renderPartial('index', NULL, true)
#8 C:\xampp\htdocs\Project-W\SubThok\backend\ShoppingWebStore\protected\controllers\SiteController.php(32): CController->render('index')
#9 C:\yii-1.1.18\framework\web\actions\CInlineAction.php(49): SiteController->actionIndex()
#10 C:\yii-1.1.18\framework\web\CController.php(308): CInlineAction->runWithParams(Array)
#11 C:\yii-1.1.18\framework\web\CController.php(286): CController->runAction(Object(CInlineAction))
#12 C:\yii-1.1.18\framework\web\CController.php(265): CController->runActionWithFilters(Object(CInlineAction), Array)
#13 C:\yii-1.1.18\framework\web\CWebApplication.php(282): CController->run('index')
#14 C:\yii-1.1.18\framework\web\CWebApplication.php(141): CWebApplication->runController('site/index')
#15 C:\yii-1.1.18\framework\base\CApplication.php(185): CWebApplication->processRequest()
#16 C:\xampp\htdocs\Project-W\SubThok\backend\ShoppingWebStore\index.php(13): CApplication->run()
#17 {main}
REQUEST_URI=/Project-W/SubThok/backend/ShoppingWebStore/index.php?r=site/index
HTTP_REFERER=http://localhost/Project-W/SubThok/backend/ShoppingWebStore/index.php?r=site/page&view=graphs
---
